(cstep.a, cstep.b) = (IndexLabel(1, :R), IndexLabel(2, :L))
Base.summarysize(es) = 126912
length(nonzero_pairs(t1.data)) = 2
Base.summarysize(t1) = 1048
length(nonzero_pairs(t2.data)) = 15
Base.summarysize(t2) = 3704
#= /home/nmaserang/FibTN/src/scripts/tobackendgrid.jl:72 =# @allocated(execute_step!(es, cstep)) = 7504

(cstep.a, cstep.b) = (IndexLabel(1, :U), IndexLabel(15, :D))
Base.summarysize(es) = 123664
length(nonzero_pairs(t1.data)) = 5
Base.summarysize(t1) = 1504
length(nonzero_pairs(t2.data)) = 5
Base.summarysize(t2) = 1352
#= /home/nmaserang/FibTN/src/scripts/tobackendgrid.jl:72 =# @allocated(execute_step!(es, cstep)) = 8112

(cstep.a, cstep.b) = (IndexLabel(15, :R), IndexLabel(16, :L))
Base.summarysize(es) = 122768
length(nonzero_pairs(t1.data)) = 5
Base.summarysize(t1) = 1960
length(nonzero_pairs(t2.data)) = 15
Base.summarysize(t2) = 4240
#= /home/nmaserang/FibTN/src/scripts/tobackendgrid.jl:72 =# @allocated(execute_step!(es, cstep)) = 24880

(cstep.a, cstep.b) = (IndexLabel(2, :R), IndexLabel(3, :L))
Base.summarysize(es) = 124560
length(nonzero_pairs(t1.data)) = 13
Base.summarysize(t1) = 7992
length(nonzero_pairs(t2.data)) = 15
Base.summarysize(t2) = 3704
#= /home/nmaserang/FibTN/src/scripts/tobackendgrid.jl:72 =# @allocated(execute_step!(es, cstep)) = 30920

(cstep.a, cstep.b) = (IndexLabel(2, :U), IndexLabel(16, :D))
Base.summarysize(es) = 122464
length(nonzero_pairs(t1.data)) = 34
Base.summarysize(t1) = 9600
length(nonzero_pairs(t2.data)) = 34
Base.summarysize(t2) = 9600
#= /home/nmaserang/FibTN/src/scripts/tobackendgrid.jl:72 =# @allocated(execute_step!(es, cstep)) = 21408

(cstep.a, cstep.b) = (IndexLabel(16, :R), IndexLabel(17, :L))
Base.summarysize(es) = 121424
length(nonzero_pairs(t1.data)) = 13
Base.summarysize(t1) = 8560
length(nonzero_pairs(t2.data)) = 15
Base.summarysize(t2) = 4240
#= /home/nmaserang/FibTN/src/scripts/tobackendgrid.jl:72 =# @allocated(execute_step!(es, cstep)) = 33896

(cstep.a, cstep.b) = (IndexLabel(3, :R), IndexLabel(4, :L))
Base.summarysize(es) = 119296
length(nonzero_pairs(t1.data)) = 35
Base.summarysize(t1) = 10672
length(nonzero_pairs(t2.data)) = 15
Base.summarysize(t2) = 3704
#= /home/nmaserang/FibTN/src/scripts/tobackendgrid.jl:72 =# @allocated(execute_step!(es, cstep)) = 123904

(cstep.a, cstep.b) = (IndexLabel(3, :U), IndexLabel(17, :D))
Base.summarysize(es) = 151184
length(nonzero_pairs(t1.data)) = 92
Base.summarysize(t1) = 46264
length(nonzero_pairs(t2.data)) = 92
Base.summarysize(t2) = 46264
#= /home/nmaserang/FibTN/src/scripts/tobackendgrid.jl:72 =# @allocated(execute_step!(es, cstep)) = 27576

(cstep.a, cstep.b) = (IndexLabel(17, :R), IndexLabel(18, :L))
Base.summarysize(es) = 116304
length(nonzero_pairs(t1.data)) = 34
Base.summarysize(t1) = 11384
length(nonzero_pairs(t2.data)) = 15
Base.summarysize(t2) = 4240
#= /home/nmaserang/FibTN/src/scripts/tobackendgrid.jl:72 =# @allocated(execute_step!(es, cstep)) = 134224

(cstep.a, cstep.b) = (IndexLabel(4, :R), IndexLabel(5, :L))
Base.summarysize(es) = 151088
length(nonzero_pairs(t1.data)) = 92
Base.summarysize(t1) = 50408
length(nonzero_pairs(t2.data)) = 15
Base.summarysize(t2) = 3704
#= /home/nmaserang/FibTN/src/scripts/tobackendgrid.jl:72 =# @allocated(execute_step!(es, cstep)) = 561248

(cstep.a, cstep.b) = (IndexLabel(4, :U), IndexLabel(18, :D))
Base.summarysize(es) = 320256
length(nonzero_pairs(t1.data)) = 242
Base.summarysize(t1) = 223280
length(nonzero_pairs(t2.data)) = 242
Base.summarysize(t2) = 223280
#= /home/nmaserang/FibTN/src/scripts/tobackendgrid.jl:72 =# @allocated(execute_step!(es, cstep)) = 123968

(cstep.a, cstep.b) = (IndexLabel(18, :R), IndexLabel(19, :L))
Base.summarysize(es) = 149632
length(nonzero_pairs(t1.data)) = 89
Base.summarysize(t1) = 52656
length(nonzero_pairs(t2.data)) = 15
Base.summarysize(t2) = 4240
#= /home/nmaserang/FibTN/src/scripts/tobackendgrid.jl:72 =# @allocated(execute_step!(es, cstep)) = 600352

(cstep.a, cstep.b) = (IndexLabel(5, :R), IndexLabel(6, :L))
Base.summarysize(es) = 332448
length(nonzero_pairs(t1.data)) = 241
Base.summarysize(t1) = 239712
length(nonzero_pairs(t2.data)) = 15
Base.summarysize(t2) = 3704
#= /home/nmaserang/FibTN/src/scripts/tobackendgrid.jl:72 =# @allocated(execute_step!(es, cstep)) = 732288

(cstep.a, cstep.b) = (IndexLabel(5, :U), IndexLabel(19, :D))
Base.summarysize(es) = 353536
length(nonzero_pairs(t1.data)) = 634
Base.summarysize(t1) = 264504
length(nonzero_pairs(t2.data)) = 634
Base.summarysize(t2) = 264504
#= /home/nmaserang/FibTN/src/scripts/tobackendgrid.jl:72 =# @allocated(execute_step!(es, cstep)) = 580560

(cstep.a, cstep.b) = (IndexLabel(19, :R), IndexLabel(20, :L))
Base.summarysize(es) = 337424
length(nonzero_pairs(t1.data)) = 233
Base.summarysize(t1) = 248392
length(nonzero_pairs(t2.data)) = 15
Base.summarysize(t2) = 4240
#= /home/nmaserang/FibTN/src/scripts/tobackendgrid.jl:72 =# @allocated(execute_step!(es, cstep)) = 3086400

(cstep.a, cstep.b) = (IndexLabel(6, :R), IndexLabel(7, :L))
Base.summarysize(es) = 1204384
length(nonzero_pairs(t1.data)) = 631
Base.summarysize(t1) = 1119592
length(nonzero_pairs(t2.data)) = 15
Base.summarysize(t2) = 3704
#= /home/nmaserang/FibTN/src/scripts/tobackendgrid.jl:72 =# @allocated(execute_step!(es, cstep)) = 10103440

(cstep.a, cstep.b) = (IndexLabel(6, :U), IndexLabel(20, :D))
Base.summarysize(es) = 1299056
length(nonzero_pairs(t1.data)) = 1660
Base.summarysize(t1) = 1217968
length(nonzero_pairs(t2.data)) = 1660
Base.summarysize(t2) = 1217968
#= /home/nmaserang/FibTN/src/scripts/tobackendgrid.jl:72 =# @allocated(execute_step!(es, cstep)) = 11635088

(cstep.a, cstep.b) = (IndexLabel(20, :R), IndexLabel(21, :L))
Base.summarysize(es) = 370560
length(nonzero_pairs(t1.data)) = 610
Base.summarysize(t1) = 289472
length(nonzero_pairs(t2.data)) = 15
Base.summarysize(t2) = 4240
#= /home/nmaserang/FibTN/src/scripts/tobackendgrid.jl:72 =# @allocated(execute_step!(es, cstep)) = 16069840

(cstep.a, cstep.b) = (IndexLabel(7, :R), IndexLabel(8, :L))
Base.summarysize(es) = 1360400
length(nonzero_pairs(t1.data)) = 1652
Base.summarysize(t1) = 1283552
length(nonzero_pairs(t2.data)) = 15
Base.summarysize(t2) = 3704
#= /home/nmaserang/FibTN/src/scripts/tobackendgrid.jl:72 =# @allocated(execute_step!(es, cstep)) = 73649304

(cstep.a, cstep.b) = (IndexLabel(7, :U), IndexLabel(21, :D))
Base.summarysize(es) = 5596128
length(nonzero_pairs(t1.data)) = 4346
Base.summarysize(t1) = 5522984
length(nonzero_pairs(t2.data)) = 4346
Base.summarysize(t2) = 5522984
#= /home/nmaserang/FibTN/src/scripts/tobackendgrid.jl:72 =# @allocated(execute_step!(es, cstep)) = 111639360

(cstep.a, cstep.b) = (IndexLabel(21, :R), IndexLabel(22, :L))
Base.summarysize(es) = 1389808
length(nonzero_pairs(t1.data)) = 1597
Base.summarysize(t1) = 1316664
length(nonzero_pairs(t2.data)) = 15
Base.summarysize(t2) = 4240
#= /home/nmaserang/FibTN/src/scripts/tobackendgrid.jl:72 =# @allocated(execute_step!(es, cstep)) = 88949568

(cstep.a, cstep.b) = (IndexLabel(8, :R), IndexLabel(9, :L))
Base.summarysize(es) = 5854080
length(nonzero_pairs(t1.data)) = 4325
Base.summarysize(t1) = 5785176
length(nonzero_pairs(t2.data)) = 15
Base.summarysize(t2) = 3704
#= /home/nmaserang/FibTN/src/scripts/tobackendgrid.jl:72 =# @allocated(execute_step!(es, cstep)) = 334908968

(cstep.a, cstep.b) = (IndexLabel(8, :U), IndexLabel(22, :D))
Base.summarysize(es) = 24773968
length(nonzero_pairs(t1.data)) = 11378
Base.summarysize(t1) = 24708768
length(nonzero_pairs(t2.data)) = 11378
Base.summarysize(t2) = 24708768
#= /home/nmaserang/FibTN/src/scripts/tobackendgrid.jl:72 =# @allocated(execute_step!(es, cstep)) = 534561064

(cstep.a, cstep.b) = (IndexLabel(22, :R), IndexLabel(23, :L))
Base.summarysize(es) = 5981792
length(nonzero_pairs(t1.data)) = 4181
Base.summarysize(t1) = 5916592
length(nonzero_pairs(t2.data)) = 15
Base.summarysize(t2) = 4240
#= /home/nmaserang/FibTN/src/scripts/tobackendgrid.jl:72 =# @allocated(execute_step!(es, cstep)) = 377910536

(cstep.a, cstep.b) = (IndexLabel(9, :R), IndexLabel(10, :L))
Base.summarysize(es) = 25818352
length(nonzero_pairs(t1.data)) = 11323
Base.summarysize(t1) = 25757392
length(nonzero_pairs(t2.data)) = 15
Base.summarysize(t2) = 3704
#= /home/nmaserang/FibTN/src/scripts/tobackendgrid.jl:72 =# @allocated(execute_step!(es, cstep)) = 1135326728

(cstep.a, cstep.b) = (IndexLabel(9, :U), IndexLabel(23, :D))
Base.summarysize(es) = 27387584
length(nonzero_pairs(t1.data)) = 29788
Base.summarysize(t1) = 27330328
length(nonzero_pairs(t2.data)) = 29788
Base.summarysize(t2) = 27330328
#= /home/nmaserang/FibTN/src/scripts/tobackendgrid.jl:72 =# @allocated(execute_step!(es, cstep)) = 2115548928

(cstep.a, cstep.b) = (IndexLabel(23, :R), IndexLabel(24, :L))
Base.summarysize(es) = 26339280
length(nonzero_pairs(t1.data)) = 10946
Base.summarysize(t1) = 26282024
length(nonzero_pairs(t2.data)) = 15
Base.summarysize(t2) = 4240
#= /home/nmaserang/FibTN/src/scripts/tobackendgrid.jl:72 =# @allocated(execute_step!(es, cstep)) = 1252508376

(cstep.a, cstep.b) = (IndexLabel(10, :R), IndexLabel(11, :L))
Base.summarysize(es) = 28431968
length(nonzero_pairs(t1.data)) = 29644
Base.summarysize(t1) = 28378952
length(nonzero_pairs(t2.data)) = 15
Base.summarysize(t2) = 3704
#= /home/nmaserang/FibTN/src/scripts/tobackendgrid.jl:72 =# @allocated(execute_step!(es, cstep)) = 4079734544

(cstep.a, cstep.b) = (IndexLabel(10, :U), IndexLabel(24, :D))
Base.summarysize(es) = 119851056
length(nonzero_pairs(t1.data)) = 77986
Base.summarysize(t1) = 119801744
length(nonzero_pairs(t2.data)) = 77986
Base.summarysize(t2) = 119801744
#= /home/nmaserang/FibTN/src/scripts/tobackendgrid.jl:72 =# @allocated(execute_step!(es, cstep)) = 7461478592

(cstep.a, cstep.b) = (IndexLabel(24, :R), IndexLabel(25, :L))
Base.summarysize(es) = 28952896
length(nonzero_pairs(t1.data)) = 28657
Base.summarysize(t1) = 28903584
length(nonzero_pairs(t2.data)) = 15
Base.summarysize(t2) = 4240
#= /home/nmaserang/FibTN/src/scripts/tobackendgrid.jl:72 =# @allocated(execute_step!(es, cstep)) = 4412935680

(cstep.a, cstep.b) = (IndexLabel(11, :R), IndexLabel(12, :L))
Base.summarysize(es) = 124041456
length(nonzero_pairs(t1.data)) = 77609
Base.summarysize(t1) = 123996384
length(nonzero_pairs(t2.data)) = 15
Base.summarysize(t2) = 3704
#= /home/nmaserang/FibTN/src/scripts/tobackendgrid.jl:72 =# @allocated(execute_step!(es, cstep)) = 13541149352

(cstep.a, cstep.b) = (IndexLabel(11, :U), IndexLabel(25, :D))
Base.summarysize(es) = 260614848
length(nonzero_pairs(t1.data)) = 204170
Base.summarysize(t1) = 260573480
length(nonzero_pairs(t2.data)) = 204170
Base.summarysize(t2) = 260573480
#= /home/nmaserang/FibTN/src/scripts/tobackendgrid.jl:72 =# @allocated(execute_step!(es, cstep)) = 25540266248

(cstep.a, cstep.b) = (IndexLabel(25, :R), IndexLabel(26, :L))
Base.summarysize(es) = 126135536
length(nonzero_pairs(t1.data)) = 75025
Base.summarysize(t1) = 126094168
length(nonzero_pairs(t2.data)) = 15
Base.summarysize(t2) = 4240
#= /home/nmaserang/FibTN/src/scripts/tobackendgrid.jl:72 =# @allocated(execute_step!(es, cstep)) = 14525686104

(cstep.a, cstep.b) = (IndexLabel(12, :R), IndexLabel(13, :L))
Base.summarysize(es) = 268999264
length(nonzero_pairs(t1.data)) = 203183
Base.summarysize(t1) = 268962136
length(nonzero_pairs(t2.data)) = 15
Base.summarysize(t2) = 3704
#= /home/nmaserang/FibTN/src/scripts/tobackendgrid.jl:72 =# @allocated(execute_step!(es, cstep)) = 43203355384

(cstep.a, cstep.b) = (IndexLabel(12, :U), IndexLabel(26, :D))
Base.summarysize(es) = 563121200
length(nonzero_pairs(t1.data)) = 534524
Base.summarysize(t1) = 563087776
length(nonzero_pairs(t2.data)) = 534524
Base.summarysize(t2) = 563087776
#= /home/nmaserang/FibTN/src/scripts/tobackendgrid.jl:72 =# @allocated(execute_step!(es, cstep)) = 83037281752

(cstep.a, cstep.b) = (IndexLabel(26, :R), IndexLabel(27, :L))
Base.summarysize(es) = 273190496
length(nonzero_pairs(t1.data)) = 196418
Base.summarysize(t1) = 273157072
length(nonzero_pairs(t2.data)) = 15
Base.summarysize(t2) = 4240
#= /home/nmaserang/FibTN/src/scripts/tobackendgrid.jl:72 =# @allocated(execute_step!(es, cstep)) = 45652350280

(cstep.a, cstep.b) = (IndexLabel(13, :R), IndexLabel(14, :L))
Base.summarysize(es) = 579894224
length(nonzero_pairs(t1.data)) = 531940
Base.summarysize(t1) = 579865040
length(nonzero_pairs(t2.data)) = 5
Base.summarysize(t2) = 1200
#= /home/nmaserang/FibTN/src/scripts/tobackendgrid.jl:72 =# @allocated(execute_step!(es, cstep)) = 70361403760

(cstep.a, cstep.b) = (IndexLabel(13, :U), IndexLabel(27, :D))
Base.summarysize(es) = 596670288
length(nonzero_pairs(t1.data)) = 531940
Base.summarysize(t1) = 596642304
length(nonzero_pairs(t2.data)) = 531940
Base.summarysize(t2) = 596642304
#= /home/nmaserang/FibTN/src/scripts/tobackendgrid.jl:72 =# @allocated(execute_step!(es, cstep)) = 96889427592

(cstep.a, cstep.b) = (IndexLabel(27, :R), IndexLabel(28, :L))
Base.summarysize(es) = 289962368
length(nonzero_pairs(t1.data)) = 196418
Base.summarysize(t1) = 289934384
length(nonzero_pairs(t2.data)) = 5
Base.summarysize(t2) = 1048
#= /home/nmaserang/FibTN/src/scripts/tobackendgrid.jl:72 =# @allocated(execute_step!(es, cstep)) = 25700768088

(cstep.a, cstep.b) = (IndexLabel(14, :U), IndexLabel(28, :D))
Base.summarysize(es) = 294155040
length(nonzero_pairs(t1.data)) = 196418
Base.summarysize(t1) = 294128104
length(nonzero_pairs(t2.data)) = 196418
Base.summarysize(t2) = 294128104
#= /home/nmaserang/FibTN/src/scripts/tobackendgrid.jl:72 =# @allocated(execute_step!(es, cstep)) = 93304824576
