(cstep.a, cstep.b) = (IndexLabel(1, :R), IndexLabel(2, :L))
Base.summarysize(es) = 6768
length(nonzero_pairs(t1.data)) = 2
Base.summarysize(t1) = 1048
length(nonzero_pairs(t2.data)) = 5
Base.summarysize(t2) = 1200
#= /home/nmaserang/FibTN/src/scripts/tobackendgrid.jl:54 =# @allocated(execute_step!(es, cstep)) = 41385896

(cstep.a, cstep.b) = (IndexLabel(1, :U), IndexLabel(3, :D))
Base.summarysize(es) = 5872
length(nonzero_pairs(t1.data)) = 2
Base.summarysize(t1) = 1352
length(nonzero_pairs(t2.data)) = 5
Base.summarysize(t2) = 1352
#= /home/nmaserang/FibTN/src/scripts/tobackendgrid.jl:54 =# @allocated(execute_step!(es, cstep)) = 78040360

(cstep.a, cstep.b) = (IndexLabel(3, :R), IndexLabel(4, :L))
Base.summarysize(es) = 4976
length(nonzero_pairs(t1.data)) = 2
Base.summarysize(t1) = 1808
length(nonzero_pairs(t2.data)) = 5
Base.summarysize(t2) = 1048
#= /home/nmaserang/FibTN/src/scripts/tobackendgrid.jl:54 =# @allocated(execute_step!(es, cstep)) = 115584400

(cstep.a, cstep.b) = (IndexLabel(2, :U), IndexLabel(4, :D))
Base.summarysize(es) = 4080
length(nonzero_pairs(t1.data)) = 2
Base.summarysize(t1) = 1960
length(nonzero_pairs(t2.data)) = 2
Base.summarysize(t2) = 1960
#= /home/nmaserang/FibTN/src/scripts/tobackendgrid.jl:54 =# @allocated(execute_step!(es, cstep)) = 56078328
