(cstep.a, cstep.b) = (IndexLabel(1, :R), IndexLabel(2, :L))
Base.summarysize(es) = 60048
length(nonzero_pairs(t1.data)) = 2
Base.summarysize(t1) = 1048
length(nonzero_pairs(t2.data)) = 15
Base.summarysize(t2) = 3704
#= /home/nmaserang/FibTN/src/scripts/tobackendgrid.jl:72 =# @allocated(execute_step!(es, cstep)) = 44063840

(cstep.a, cstep.b) = (IndexLabel(1, :U), IndexLabel(9, :D))
Base.summarysize(es) = 56800
length(nonzero_pairs(t1.data)) = 5
Base.summarysize(t1) = 1504
length(nonzero_pairs(t2.data)) = 5
Base.summarysize(t2) = 1352
#= /home/nmaserang/FibTN/src/scripts/tobackendgrid.jl:72 =# @allocated(execute_step!(es, cstep)) = 59313768

(cstep.a, cstep.b) = (IndexLabel(9, :R), IndexLabel(10, :L))
Base.summarysize(es) = 55904
length(nonzero_pairs(t1.data)) = 5
Base.summarysize(t1) = 1960
length(nonzero_pairs(t2.data)) = 15
Base.summarysize(t2) = 4240
#= /home/nmaserang/FibTN/src/scripts/tobackendgrid.jl:72 =# @allocated(execute_step!(es, cstep)) = 175161000

(cstep.a, cstep.b) = (IndexLabel(2, :R), IndexLabel(3, :L))
Base.summarysize(es) = 57696
length(nonzero_pairs(t1.data)) = 13
Base.summarysize(t1) = 7992
length(nonzero_pairs(t2.data)) = 15
Base.summarysize(t2) = 3704
#= /home/nmaserang/FibTN/src/scripts/tobackendgrid.jl:72 =# @allocated(execute_step!(es, cstep)) = 188631168

(cstep.a, cstep.b) = (IndexLabel(2, :U), IndexLabel(10, :D))
Base.summarysize(es) = 55600
length(nonzero_pairs(t1.data)) = 34
Base.summarysize(t1) = 9600
length(nonzero_pairs(t2.data)) = 34
Base.summarysize(t2) = 9600
#= /home/nmaserang/FibTN/src/scripts/tobackendgrid.jl:72 =# @allocated(execute_step!(es, cstep)) = 95120512

(cstep.a, cstep.b) = (IndexLabel(10, :R), IndexLabel(11, :L))
Base.summarysize(es) = 54560
length(nonzero_pairs(t1.data)) = 13
Base.summarysize(t1) = 8560
length(nonzero_pairs(t2.data)) = 15
Base.summarysize(t2) = 4240
#= /home/nmaserang/FibTN/src/scripts/tobackendgrid.jl:72 =# @allocated(execute_step!(es, cstep)) = 211712088

(cstep.a, cstep.b) = (IndexLabel(3, :R), IndexLabel(4, :L))
Base.summarysize(es) = 52432
length(nonzero_pairs(t1.data)) = 35
Base.summarysize(t1) = 10672
length(nonzero_pairs(t2.data)) = 15
Base.summarysize(t2) = 3704
#= /home/nmaserang/FibTN/src/scripts/tobackendgrid.jl:72 =# @allocated(execute_step!(es, cstep)) = 288564760

(cstep.a, cstep.b) = (IndexLabel(3, :U), IndexLabel(11, :D))
Base.summarysize(es) = 84320
length(nonzero_pairs(t1.data)) = 92
Base.summarysize(t1) = 46264
length(nonzero_pairs(t2.data)) = 92
Base.summarysize(t2) = 46264
#= /home/nmaserang/FibTN/src/scripts/tobackendgrid.jl:72 =# @allocated(execute_step!(es, cstep)) = 140898768

(cstep.a, cstep.b) = (IndexLabel(11, :R), IndexLabel(12, :L))
Base.summarysize(es) = 49440
length(nonzero_pairs(t1.data)) = 34
Base.summarysize(t1) = 11384
length(nonzero_pairs(t2.data)) = 15
Base.summarysize(t2) = 4240
#= /home/nmaserang/FibTN/src/scripts/tobackendgrid.jl:72 =# @allocated(execute_step!(es, cstep)) = 325871072

(cstep.a, cstep.b) = (IndexLabel(4, :R), IndexLabel(5, :L))
Base.summarysize(es) = 84224
length(nonzero_pairs(t1.data)) = 92
Base.summarysize(t1) = 50408
length(nonzero_pairs(t2.data)) = 15
Base.summarysize(t2) = 3704
#= /home/nmaserang/FibTN/src/scripts/tobackendgrid.jl:72 =# @allocated(execute_step!(es, cstep)) = 441418784

(cstep.a, cstep.b) = (IndexLabel(4, :U), IndexLabel(12, :D))
Base.summarysize(es) = 253392
length(nonzero_pairs(t1.data)) = 242
Base.summarysize(t1) = 223280
length(nonzero_pairs(t2.data)) = 242
Base.summarysize(t2) = 223280
#= /home/nmaserang/FibTN/src/scripts/tobackendgrid.jl:72 =# @allocated(execute_step!(es, cstep)) = 220377432

(cstep.a, cstep.b) = (IndexLabel(12, :R), IndexLabel(13, :L))
Base.summarysize(es) = 82768
length(nonzero_pairs(t1.data)) = 89
Base.summarysize(t1) = 52656
length(nonzero_pairs(t2.data)) = 15
Base.summarysize(t2) = 4240
#= /home/nmaserang/FibTN/src/scripts/tobackendgrid.jl:72 =# @allocated(execute_step!(es, cstep)) = 497242592

(cstep.a, cstep.b) = (IndexLabel(5, :R), IndexLabel(6, :L))
Base.summarysize(es) = 265584
length(nonzero_pairs(t1.data)) = 241
Base.summarysize(t1) = 239712
length(nonzero_pairs(t2.data)) = 15
Base.summarysize(t2) = 3704
#= /home/nmaserang/FibTN/src/scripts/tobackendgrid.jl:72 =# @allocated(execute_step!(es, cstep)) = 656919800

(cstep.a, cstep.b) = (IndexLabel(5, :U), IndexLabel(13, :D))
Base.summarysize(es) = 286672
length(nonzero_pairs(t1.data)) = 634
Base.summarysize(t1) = 264504
length(nonzero_pairs(t2.data)) = 634
Base.summarysize(t2) = 264504
#= /home/nmaserang/FibTN/src/scripts/tobackendgrid.jl:72 =# @allocated(execute_step!(es, cstep)) = 328799224

(cstep.a, cstep.b) = (IndexLabel(13, :R), IndexLabel(14, :L))
Base.summarysize(es) = 270560
length(nonzero_pairs(t1.data)) = 233
Base.summarysize(t1) = 248392
length(nonzero_pairs(t2.data)) = 15
Base.summarysize(t2) = 4240
#= /home/nmaserang/FibTN/src/scripts/tobackendgrid.jl:72 =# @allocated(execute_step!(es, cstep)) = 389012336

(cstep.a, cstep.b) = (IndexLabel(6, :R), IndexLabel(7, :L))
Base.summarysize(es) = 1137520
length(nonzero_pairs(t1.data)) = 631
Base.summarysize(t1) = 1119592
length(nonzero_pairs(t2.data)) = 15
Base.summarysize(t2) = 3704
#= /home/nmaserang/FibTN/src/scripts/tobackendgrid.jl:72 =# @allocated(execute_step!(es, cstep)) = 138861160

(cstep.a, cstep.b) = (IndexLabel(6, :U), IndexLabel(14, :D))
Base.summarysize(es) = 1232192
length(nonzero_pairs(t1.data)) = 1660
Base.summarysize(t1) = 1217968
length(nonzero_pairs(t2.data)) = 1660
Base.summarysize(t2) = 1217968
#= /home/nmaserang/FibTN/src/scripts/tobackendgrid.jl:72 =# @allocated(execute_step!(es, cstep)) = 100175112

(cstep.a, cstep.b) = (IndexLabel(14, :R), IndexLabel(15, :L))
Base.summarysize(es) = 303696
length(nonzero_pairs(t1.data)) = 610
Base.summarysize(t1) = 289472
length(nonzero_pairs(t2.data)) = 15
Base.summarysize(t2) = 4240
#= /home/nmaserang/FibTN/src/scripts/tobackendgrid.jl:72 =# @allocated(execute_step!(es, cstep)) = 148562944

(cstep.a, cstep.b) = (IndexLabel(7, :R), IndexLabel(8, :L))
Base.summarysize(es) = 1293536
length(nonzero_pairs(t1.data)) = 1652
Base.summarysize(t1) = 1283552
length(nonzero_pairs(t2.data)) = 5
Base.summarysize(t2) = 1200
#= /home/nmaserang/FibTN/src/scripts/tobackendgrid.jl:72 =# @allocated(execute_step!(es, cstep)) = 159447120

(cstep.a, cstep.b) = (IndexLabel(7, :U), IndexLabel(15, :D))
Base.summarysize(es) = 1357920
length(nonzero_pairs(t1.data)) = 1652
Base.summarysize(t1) = 1349136
length(nonzero_pairs(t2.data)) = 1652
Base.summarysize(t2) = 1349136
#= /home/nmaserang/FibTN/src/scripts/tobackendgrid.jl:72 =# @allocated(execute_step!(es, cstep)) = 114784680

(cstep.a, cstep.b) = (IndexLabel(15, :R), IndexLabel(16, :L))
Base.summarysize(es) = 331120
length(nonzero_pairs(t1.data)) = 610
Base.summarysize(t1) = 322336
length(nonzero_pairs(t2.data)) = 5
Base.summarysize(t2) = 1048
#= /home/nmaserang/FibTN/src/scripts/tobackendgrid.jl:72 =# @allocated(execute_step!(es, cstep)) = 72649128

(cstep.a, cstep.b) = (IndexLabel(8, :U), IndexLabel(16, :D))
Base.summarysize(es) = 337968
length(nonzero_pairs(t1.data)) = 610
Base.summarysize(t1) = 330232
length(nonzero_pairs(t2.data)) = 610
Base.summarysize(t2) = 330232
#= /home/nmaserang/FibTN/src/scripts/tobackendgrid.jl:72 =# @allocated(execute_step!(es, cstep)) = 119830048
